2017-09-03 15:07:57,848 INFO  MyLogger.info - creating driver
2017-09-03 15:07:58,001 INFO  MyLogger.info - Opening http://gmail.com
2017-09-03 15:08:00,958 INFO  MyLogger.info - Trying to log in as tuser5500@gmail.com/111
2017-09-03 15:08:01,245 INFO  MyLogger.info - Filling username field
2017-09-03 15:08:02,077 INFO  MyLogger.info - Pressing Next button
2017-09-03 15:08:02,764 INFO  MyLogger.info - Filling password field
2017-09-03 15:08:08,420 INFO  MyLogger.info - Pressing Next button
2017-09-03 15:08:08,420 INFO  MyLogger.info - Username and password fields are filled
2017-09-03 15:08:08,421 ERROR MyLogger.error - User has incorrect login
2017-09-03 15:08:08,422 INFO  MyLogger.info - Checking error message
2017-09-03 15:08:08,628 INFO  MyLogger.info - User was not logged in with incorrect login
2017-09-03 15:08:09,119 INFO  MyLogger.info - closing driver
2017-09-03 15:08:13,635 INFO  MyLogger.info - creating driver
2017-09-03 15:08:13,641 INFO  MyLogger.info - Opening http://gmail.com
2017-09-03 15:08:15,916 INFO  MyLogger.info - Trying to log in as tuser5500@gmail.com/Mentoring
2017-09-03 15:08:16,177 INFO  MyLogger.info - Filling username field
2017-09-03 15:08:17,051 INFO  MyLogger.info - Pressing Next button
2017-09-03 15:08:17,837 INFO  MyLogger.info - Filling password field
2017-09-03 15:08:20,343 INFO  MyLogger.info - Pressing Next button
2017-09-03 15:08:20,343 INFO  MyLogger.info - Username and password fields are filled
2017-09-03 15:08:20,343 INFO  MyLogger.info - Successfully logged in as tuser5500@gmail.com/Mentoring
2017-09-03 15:08:22,352 INFO  MyLogger.info - Creating new draft message
2017-09-03 15:08:24,104 INFO  MyLogger.info - To field filled with data
2017-09-03 15:08:24,489 INFO  MyLogger.info - Subject field filled with data
2017-09-03 15:08:25,252 INFO  MyLogger.info - Body field filled with data
2017-09-03 15:08:25,693 INFO  MyLogger.info - Draft successfully filled
2017-09-03 15:08:26,534 INFO  MyLogger.info - Draft was deleted
2017-09-03 15:08:26,904 INFO  MyLogger.info - Checking message draft is discard
2017-09-03 15:08:27,203 INFO  MyLogger.info - Draft was successfully created, checked and deleted
2017-09-03 15:08:27,644 INFO  MyLogger.info - closing driver
2017-09-03 15:08:32,102 INFO  MyLogger.info - creating driver
2017-09-03 15:08:32,103 INFO  MyLogger.info - Opening http://gmail.com
2017-09-03 15:08:34,429 INFO  MyLogger.info - Trying to log in as tuser5500@gmail.com/Mentoring
2017-09-03 15:08:34,616 INFO  MyLogger.info - Filling username field
2017-09-03 15:08:35,657 INFO  MyLogger.info - Pressing Next button
2017-09-03 15:08:36,404 INFO  MyLogger.info - Filling password field
2017-09-03 15:08:39,894 INFO  MyLogger.info - Pressing Next button
2017-09-03 15:08:39,894 INFO  MyLogger.info - Username and password fields are filled
2017-09-03 15:08:39,895 INFO  MyLogger.info - Successfully logged in as tuser5500@gmail.com/Mentoring
2017-09-03 15:08:40,556 INFO  MyLogger.info - Creating new draft message
2017-09-03 15:08:41,333 INFO  MyLogger.info - To field filled with data
2017-09-03 15:08:41,769 INFO  MyLogger.info - Subject field filled with data
2017-09-03 15:08:42,391 INFO  MyLogger.info - Body field filled with data
2017-09-03 15:08:42,896 INFO  MyLogger.info - Draft successfully filled
2017-09-03 15:08:43,525 INFO  MyLogger.info - Save button is found
2017-09-03 15:08:43,526 INFO  MyLogger.info - Draft saved
2017-09-03 15:08:44,324 INFO  MyLogger.info - Saved screenshot: ./target/screenshots/scr423851751505677
2017-09-03 15:08:44,842 INFO  MyLogger.info - closing driver
2017-09-03 15:14:12,982 INFO  MyLogger.info - creating driver
2017-09-03 15:14:13,103 INFO  MyLogger.info - Opening http://gmail.com
2017-09-03 15:14:15,373 INFO  MyLogger.info - Trying to log in as tuser5500@gmail.com/111
2017-09-03 15:14:15,548 INFO  MyLogger.info - Filling username field
2017-09-03 15:14:16,213 INFO  MyLogger.info - Pressing Next button
2017-09-03 15:14:16,911 INFO  MyLogger.info - Filling password field
2017-09-03 15:14:22,411 INFO  MyLogger.info - Pressing Next button
2017-09-03 15:14:22,411 INFO  MyLogger.info - Username and password fields are filled
2017-09-03 15:14:22,412 ERROR MyLogger.error - User has incorrect login
2017-09-03 15:14:22,413 INFO  MyLogger.info - Checking error message
2017-09-03 15:14:22,535 INFO  MyLogger.info - User was not logged in with incorrect login
2017-09-03 15:14:22,983 INFO  MyLogger.info - closing driver
2017-09-03 15:14:27,093 INFO  MyLogger.info - creating driver
2017-09-03 15:14:27,100 INFO  MyLogger.info - Opening http://gmail.com
2017-09-03 15:14:29,020 INFO  MyLogger.info - Trying to log in as tuser5500@gmail.com/Mentoring
2017-09-03 15:14:29,201 INFO  MyLogger.info - Filling username field
2017-09-03 15:14:29,989 INFO  MyLogger.info - Pressing Next button
2017-09-03 15:14:30,762 INFO  MyLogger.info - Filling password field
2017-09-03 15:14:36,290 INFO  MyLogger.info - Pressing Next button
2017-09-03 15:14:36,291 INFO  MyLogger.info - Username and password fields are filled
2017-09-03 15:14:36,291 INFO  MyLogger.info - Successfully logged in as tuser5500@gmail.com/Mentoring
2017-09-03 15:14:37,175 INFO  MyLogger.info - Creating new draft message
2017-09-03 15:14:37,970 INFO  MyLogger.info - To field filled with data
2017-09-03 15:14:38,399 INFO  MyLogger.info - Subject field filled with data
2017-09-03 15:14:38,557 INFO  MyLogger.info - Body field filled with data
2017-09-03 15:14:38,915 INFO  MyLogger.info - Draft successfully filled
2017-09-03 15:14:39,320 INFO  MyLogger.info - Draft was deleted
2017-09-03 15:14:39,394 INFO  MyLogger.info - Checking message draft is discard
2017-09-03 15:14:39,817 INFO  MyLogger.info - Draft was successfully created, checked and deleted
2017-09-03 15:14:40,704 INFO  MyLogger.info - closing driver
2017-09-03 15:14:44,802 INFO  MyLogger.info - creating driver
2017-09-03 15:14:44,803 INFO  MyLogger.info - Opening http://gmail.com
2017-09-03 15:14:46,854 INFO  MyLogger.info - Trying to log in as tuser5500@gmail.com/Mentoring
2017-09-03 15:14:46,992 INFO  MyLogger.info - Filling username field
2017-09-03 15:14:47,761 INFO  MyLogger.info - Pressing Next button
2017-09-03 15:14:48,499 INFO  MyLogger.info - Filling password field
2017-09-03 15:14:52,133 INFO  MyLogger.info - Pressing Next button
2017-09-03 15:14:52,133 INFO  MyLogger.info - Username and password fields are filled
2017-09-03 15:14:52,133 INFO  MyLogger.info - Successfully logged in as tuser5500@gmail.com/Mentoring
2017-09-03 15:14:52,863 INFO  MyLogger.info - Creating new draft message
2017-09-03 15:14:53,516 INFO  MyLogger.info - To field filled with data
2017-09-03 15:14:53,856 INFO  MyLogger.info - Subject field filled with data
2017-09-03 15:14:54,018 INFO  MyLogger.info - Body field filled with data
2017-09-03 15:14:54,359 INFO  MyLogger.info - Draft successfully filled
2017-09-03 15:14:54,772 INFO  MyLogger.info - Save button is found
2017-09-03 15:14:54,773 INFO  MyLogger.info - Draft saved
2017-09-03 15:14:55,641 INFO  MyLogger.info - Opening Drafts folder
2017-09-03 15:14:56,528 INFO  MyLogger.info - Opening draft message by pressing keyboard buttons
2017-09-03 15:15:16,729 INFO  MyLogger.info - Saved screenshot: ./target/screenshots/scr424244162018573
2017-09-03 15:15:17,197 INFO  MyLogger.info - closing driver
2017-09-03 15:21:23,155 INFO  MyLogger.info - creating driver
2017-09-03 15:21:23,361 INFO  MyLogger.info - Opening http://gmail.com
2017-09-03 15:21:25,432 INFO  MyLogger.info - Trying to log in as tuser5500@gmail.com/111
2017-09-03 15:21:25,632 INFO  MyLogger.info - Filling username field
2017-09-03 15:21:26,369 INFO  MyLogger.info - Pressing Next button
2017-09-03 15:21:27,003 INFO  MyLogger.info - Filling password field
2017-09-03 15:21:32,516 INFO  MyLogger.info - Pressing Next button
2017-09-03 15:21:32,516 INFO  MyLogger.info - Username and password fields are filled
2017-09-03 15:21:32,517 ERROR MyLogger.error - User has incorrect login
2017-09-03 15:21:32,518 INFO  MyLogger.info - Checking error message
2017-09-03 15:21:32,644 INFO  MyLogger.info - User was not logged in with incorrect login
2017-09-03 15:21:33,177 INFO  MyLogger.info - closing driver
2017-09-03 15:21:37,270 INFO  MyLogger.info - creating driver
2017-09-03 15:21:37,276 INFO  MyLogger.info - Opening http://gmail.com
2017-09-03 15:21:39,511 INFO  MyLogger.info - Trying to log in as tuser5500@gmail.com/Mentoring
2017-09-03 15:21:39,678 INFO  MyLogger.info - Filling username field
2017-09-03 15:21:40,471 INFO  MyLogger.info - Pressing Next button
2017-09-03 15:21:41,245 INFO  MyLogger.info - Filling password field
2017-09-03 15:21:44,772 INFO  MyLogger.info - Pressing Next button
2017-09-03 15:21:44,772 INFO  MyLogger.info - Username and password fields are filled
2017-09-03 15:21:44,773 INFO  MyLogger.info - Successfully logged in as tuser5500@gmail.com/Mentoring
2017-09-03 15:21:45,388 INFO  MyLogger.info - Creating new draft message
2017-09-03 15:21:46,095 INFO  MyLogger.info - To field filled with data
2017-09-03 15:21:46,408 INFO  MyLogger.info - Subject field filled with data
2017-09-03 15:21:46,564 INFO  MyLogger.info - Body field filled with data
2017-09-03 15:21:46,919 INFO  MyLogger.info - Draft successfully filled
2017-09-03 15:21:47,348 INFO  MyLogger.info - Draft was deleted
2017-09-03 15:21:47,872 INFO  MyLogger.info - Checking message draft is discard
2017-09-03 15:21:48,098 INFO  MyLogger.info - Draft was successfully created, checked and deleted
2017-09-03 15:21:48,555 INFO  MyLogger.info - closing driver
2017-09-03 15:21:51,715 INFO  MyLogger.info - creating driver
2017-09-03 15:21:51,716 INFO  MyLogger.info - Opening http://gmail.com
2017-09-03 15:21:53,628 INFO  MyLogger.info - Trying to log in as tuser5500@gmail.com/Mentoring
2017-09-03 15:21:53,766 INFO  MyLogger.info - Filling username field
2017-09-03 15:21:54,770 INFO  MyLogger.info - Pressing Next button
2017-09-03 15:21:55,637 INFO  MyLogger.info - Filling password field
2017-09-03 15:21:59,035 INFO  MyLogger.info - Pressing Next button
2017-09-03 15:21:59,035 INFO  MyLogger.info - Username and password fields are filled
2017-09-03 15:21:59,035 INFO  MyLogger.info - Successfully logged in as tuser5500@gmail.com/Mentoring
2017-09-03 15:21:59,597 INFO  MyLogger.info - Creating new draft message
2017-09-03 15:22:00,513 INFO  MyLogger.info - To field filled with data
2017-09-03 15:22:00,853 INFO  MyLogger.info - Subject field filled with data
2017-09-03 15:22:01,513 INFO  MyLogger.info - Body field filled with data
2017-09-03 15:22:02,003 INFO  MyLogger.info - Draft successfully filled
2017-09-03 15:22:02,659 INFO  MyLogger.info - Save button is found
2017-09-03 15:22:02,659 INFO  MyLogger.info - Draft saved
2017-09-03 15:22:03,380 INFO  MyLogger.info - Opening Drafts folder
2017-09-03 15:22:03,777 INFO  MyLogger.info - Opening draft message by pressing keyboard buttons
2017-09-03 15:22:23,964 INFO  MyLogger.info - Saved screenshot: ./target/screenshots/scr424671396718147
2017-09-03 15:22:24,439 INFO  MyLogger.info - closing driver
2017-09-03 15:26:29,540 INFO  MyLogger.info - creating driver
2017-09-03 15:26:29,715 INFO  MyLogger.info - Opening http://gmail.com
2017-09-03 15:26:31,846 INFO  MyLogger.info - Trying to log in as tuser5500@gmail.com/111
2017-09-03 15:26:32,042 INFO  MyLogger.info - Filling username field
2017-09-03 15:26:32,882 INFO  MyLogger.info - Pressing Next button
2017-09-03 15:26:33,564 INFO  MyLogger.info - Filling password field
2017-09-03 15:26:39,091 INFO  MyLogger.info - Pressing Next button
2017-09-03 15:26:39,092 INFO  MyLogger.info - Username and password fields are filled
2017-09-03 15:26:39,092 ERROR MyLogger.error - User has incorrect login
2017-09-03 15:26:39,093 INFO  MyLogger.info - Checking error message
2017-09-03 15:26:39,216 INFO  MyLogger.info - User was not logged in with incorrect login
2017-09-03 15:26:39,556 INFO  MyLogger.info - closing driver
2017-09-03 15:26:43,743 INFO  MyLogger.info - creating driver
2017-09-03 15:26:43,749 INFO  MyLogger.info - Opening http://gmail.com
2017-09-03 15:26:45,823 INFO  MyLogger.info - Trying to log in as tuser5500@gmail.com/Mentoring
2017-09-03 15:26:46,054 INFO  MyLogger.info - Filling username field
2017-09-03 15:26:46,790 INFO  MyLogger.info - Pressing Next button
2017-09-03 15:26:47,490 INFO  MyLogger.info - Filling password field
2017-09-03 15:26:51,127 INFO  MyLogger.info - Pressing Next button
2017-09-03 15:26:51,128 INFO  MyLogger.info - Username and password fields are filled
2017-09-03 15:26:51,128 INFO  MyLogger.info - Successfully logged in as tuser5500@gmail.com/Mentoring
2017-09-03 15:26:51,923 INFO  MyLogger.info - Creating new draft message
2017-09-03 15:26:52,907 INFO  MyLogger.info - To field filled with data
2017-09-03 15:26:53,221 INFO  MyLogger.info - Subject field filled with data
2017-09-03 15:26:53,382 INFO  MyLogger.info - Body field filled with data
2017-09-03 15:26:53,744 INFO  MyLogger.info - Draft successfully filled
2017-09-03 15:26:54,791 INFO  MyLogger.info - Draft was deleted
2017-09-03 15:26:55,590 INFO  MyLogger.info - Checking message draft is discard
2017-09-03 15:26:55,855 INFO  MyLogger.info - Draft was successfully created, checked and deleted
2017-09-03 15:26:56,351 INFO  MyLogger.info - closing driver
2017-09-03 15:26:59,628 INFO  MyLogger.info - creating driver
2017-09-03 15:26:59,629 INFO  MyLogger.info - Opening http://gmail.com
2017-09-03 15:27:02,384 INFO  MyLogger.info - Trying to log in as tuser5500@gmail.com/Mentoring
2017-09-03 15:27:02,523 INFO  MyLogger.info - Filling username field
2017-09-03 15:27:03,256 INFO  MyLogger.info - Pressing Next button
2017-09-03 15:27:04,084 INFO  MyLogger.info - Filling password field
2017-09-03 15:27:07,563 INFO  MyLogger.info - Pressing Next button
2017-09-03 15:27:07,563 INFO  MyLogger.info - Username and password fields are filled
2017-09-03 15:27:07,563 INFO  MyLogger.info - Successfully logged in as tuser5500@gmail.com/Mentoring
2017-09-03 15:27:08,105 INFO  MyLogger.info - Creating new draft message
2017-09-03 15:27:09,206 INFO  MyLogger.info - To field filled with data
2017-09-03 15:27:09,549 INFO  MyLogger.info - Subject field filled with data
2017-09-03 15:27:10,101 INFO  MyLogger.info - Body field filled with data
2017-09-03 15:27:10,608 INFO  MyLogger.info - Draft successfully filled
2017-09-03 15:27:11,307 INFO  MyLogger.info - Save button is found
2017-09-03 15:27:11,308 INFO  MyLogger.info - Draft saved
2017-09-03 15:27:12,176 INFO  MyLogger.info - Opening Drafts folder
2017-09-03 15:27:13,571 INFO  MyLogger.info - Opening draft message by pressing keyboard buttons
2017-09-03 15:27:34,256 INFO  MyLogger.info - Saved screenshot: ./target/screenshots/scr424981685511878
2017-09-03 15:27:34,756 INFO  MyLogger.info - closing driver
2017-09-03 15:31:11,231 INFO  MyLogger.info - creating driver
2017-09-03 15:31:11,274 INFO  MyLogger.info - Opening http://gmail.com
2017-09-03 15:31:13,469 INFO  MyLogger.info - Trying to log in as tuser5500@gmail.com/Mentoring
2017-09-03 15:31:13,670 INFO  MyLogger.info - Filling username field
2017-09-03 15:31:14,465 INFO  MyLogger.info - Pressing Next button
2017-09-03 15:31:15,258 INFO  MyLogger.info - Filling password field
2017-09-03 15:31:18,970 INFO  MyLogger.info - Pressing Next button
2017-09-03 15:31:18,970 INFO  MyLogger.info - Username and password fields are filled
2017-09-03 15:31:18,970 INFO  MyLogger.info - Successfully logged in as tuser5500@gmail.com/Mentoring
2017-09-03 15:31:19,726 INFO  MyLogger.info - Creating new draft message
2017-09-03 15:31:20,465 INFO  MyLogger.info - To field filled with data
2017-09-03 15:31:21,206 INFO  MyLogger.info - Subject field filled with data
2017-09-03 15:31:21,465 INFO  MyLogger.info - Body field filled with data
2017-09-03 15:31:21,867 INFO  MyLogger.info - Draft successfully filled
2017-09-03 15:31:22,532 INFO  MyLogger.info - Save button is found
2017-09-03 15:31:22,532 INFO  MyLogger.info - Draft saved
2017-09-03 15:31:23,432 INFO  MyLogger.info - Opening Drafts folder
2017-09-03 15:31:23,748 INFO  MyLogger.info - Opening draft message by pressing keyboard buttons
2017-09-03 15:31:44,067 INFO  MyLogger.info - Saved screenshot: ./target/screenshots/scr425231500591999
2017-09-03 15:31:44,815 INFO  MyLogger.info - closing driver
2017-09-03 15:32:13,573 INFO  MyLogger.info - creating driver
2017-09-03 15:32:13,616 INFO  MyLogger.info - Opening http://gmail.com
2017-09-03 15:32:15,555 INFO  MyLogger.info - Trying to log in as tuser5500@gmail.com/Mentoring
2017-09-03 15:32:15,762 INFO  MyLogger.info - Filling username field
2017-09-03 15:32:16,754 INFO  MyLogger.info - Pressing Next button
2017-09-03 15:32:17,661 INFO  MyLogger.info - Filling password field
2017-09-03 15:32:21,266 INFO  MyLogger.info - Pressing Next button
2017-09-03 15:32:21,266 INFO  MyLogger.info - Username and password fields are filled
2017-09-03 15:32:21,267 INFO  MyLogger.info - Successfully logged in as tuser5500@gmail.com/Mentoring
2017-09-03 15:32:22,072 INFO  MyLogger.info - Creating new draft message
2017-09-03 15:32:22,643 INFO  MyLogger.info - To field filled with data
2017-09-03 15:32:23,156 INFO  MyLogger.info - Subject field filled with data
2017-09-03 15:32:23,702 INFO  MyLogger.info - Body field filled with data
2017-09-03 15:32:24,181 INFO  MyLogger.info - Draft successfully filled
2017-09-03 15:32:24,736 INFO  MyLogger.info - Save button is found
2017-09-03 15:32:24,737 INFO  MyLogger.info - Draft saved
2017-09-03 15:32:25,532 INFO  MyLogger.info - Opening Drafts folder
2017-09-03 15:32:25,854 INFO  MyLogger.info - Opening draft message by pressing keyboard buttons
2017-09-03 15:32:46,160 INFO  MyLogger.info - Saved screenshot: ./target/screenshots/scr425293586025577
2017-09-03 15:32:46,645 INFO  MyLogger.info - closing driver
2017-09-03 15:38:24,197 INFO  MyLogger.info - creating driver
2017-09-03 15:38:24,234 INFO  MyLogger.info - Opening http://gmail.com
2017-09-03 15:38:26,577 INFO  MyLogger.info - Trying to log in as tuser5500@gmail.com/Mentoring
2017-09-03 15:38:26,845 INFO  MyLogger.info - Filling username field
2017-09-03 15:38:27,573 INFO  MyLogger.info - Pressing Next button
2017-09-03 15:38:28,191 INFO  MyLogger.info - Filling password field
2017-09-03 15:38:32,064 INFO  MyLogger.info - Pressing Next button
2017-09-03 15:38:32,064 INFO  MyLogger.info - Username and password fields are filled
2017-09-03 15:38:32,064 INFO  MyLogger.info - Successfully logged in as tuser5500@gmail.com/Mentoring
2017-09-03 15:38:32,748 INFO  MyLogger.info - Creting n
2017-09-03 15:38:33,603 INFO  MyLogger.info - To field filled with data
2017-09-03 15:38:34,416 INFO  MyLogger.info - Subject field filled with data
2017-09-03 15:38:34,585 INFO  MyLogger.info - Body field filled with data
2017-09-03 15:38:35,046 INFO  MyLogger.info - Draft successfully filled
2017-09-03 15:38:35,631 INFO  MyLogger.info - Save button is found
2017-09-03 15:38:35,631 INFO  MyLogger.info - Draft saved
2017-09-03 15:38:36,434 INFO  MyLogger.info - Opening Drafts folder
2017-09-03 15:38:37,117 INFO  MyLogger.info - Opening draft message by pressing keyboard buttons
2017-09-03 15:39:22,586 INFO  MyLogger.info - Reading Body field value
2017-09-03 15:39:28,062 INFO  MyLogger.info - Draft was successfully created and opened by pressing keyboard buttons
2017-09-03 15:39:28,748 INFO  MyLogger.info - closing driver
2017-09-03 16:01:59,667 INFO  MyLogger.info - creating driver
2017-09-03 16:01:59,710 INFO  MyLogger.info - Opening http://gmail.com
2017-09-03 16:02:01,994 INFO  MyLogger.info - Trying to log in as tuser5500@gmail.com/Mentoring
2017-09-03 16:02:02,187 INFO  MyLogger.info - Filling username field
2017-09-03 16:02:02,953 INFO  MyLogger.info - Pressing Next button
2017-09-03 16:02:03,723 INFO  MyLogger.info - Filling password field
2017-09-03 16:02:06,294 INFO  MyLogger.info - Pressing Next button
2017-09-03 16:02:06,295 INFO  MyLogger.info - Username and password fields are filled
2017-09-03 16:02:06,295 INFO  MyLogger.info - Successfully logged in as tuser5500@gmail.com/Mentoring
2017-09-03 16:02:08,035 INFO  MyLogger.info - Creting n
2017-09-03 16:02:09,822 INFO  MyLogger.info - To field filled with data
2017-09-03 16:02:10,681 INFO  MyLogger.info - Subject field filled with data
2017-09-03 16:02:11,014 INFO  MyLogger.info - Body field filled with data
2017-09-03 16:02:11,583 INFO  MyLogger.info - Draft successfully filled
2017-09-03 16:02:12,012 INFO  MyLogger.info - Save button is found
2017-09-03 16:02:12,013 INFO  MyLogger.info - Draft saved
2017-09-03 16:02:12,506 INFO  MyLogger.info - Opening Drafts folder
2017-09-03 16:02:13,202 INFO  MyLogger.info - Opening draft message by pressing keyboard buttons
2017-09-03 16:02:34,013 INFO  MyLogger.info - Saved screenshot: ./target/screenshots/scr427081442339426
2017-09-03 16:02:34,563 INFO  MyLogger.info - closing driver
2017-09-03 16:08:43,133 INFO  MyLogger.info - creating driver
2017-09-03 16:08:43,180 INFO  MyLogger.info - Opening http://gmail.com
2017-09-03 16:08:45,327 INFO  MyLogger.info - Trying to log in as tuser5500@gmail.com/Mentoring
2017-09-03 16:08:45,610 INFO  MyLogger.info - Filling username field
2017-09-03 16:08:46,455 INFO  MyLogger.info - Pressing Next button
2017-09-03 16:08:47,191 INFO  MyLogger.info - Filling password field
2017-09-03 16:08:53,002 INFO  MyLogger.info - Pressing Next button
2017-09-03 16:08:53,002 INFO  MyLogger.info - Username and password fields are filled
2017-09-03 16:08:53,003 INFO  MyLogger.info - Successfully logged in as tuser5500@gmail.com/Mentoring
2017-09-03 16:08:53,992 INFO  MyLogger.info - Creting n
2017-09-03 16:08:54,748 INFO  MyLogger.info - To field filled with data
2017-09-03 16:08:55,198 INFO  MyLogger.info - Subject field filled with data
2017-09-03 16:08:55,373 INFO  MyLogger.info - Body field filled with data
2017-09-03 16:08:55,792 INFO  MyLogger.info - Draft successfully filled
2017-09-03 16:08:56,156 INFO  MyLogger.info - Save button is found
2017-09-03 16:08:56,157 INFO  MyLogger.info - Draft saved
2017-09-03 16:08:56,158 INFO  MyLogger.info - Draft was successfully created
2017-09-03 16:08:56,946 INFO  MyLogger.info - Saved screenshot: ./target/screenshots/scr427464378098119
2017-09-03 16:08:57,479 INFO  MyLogger.info - closing driver
2017-09-03 16:09:19,234 INFO  MyLogger.info - creating driver
2017-09-03 16:09:19,268 INFO  MyLogger.info - Opening http://gmail.com
2017-09-03 16:09:21,293 INFO  MyLogger.info - Trying to log in as tuser5500@gmail.com/Mentoring
2017-09-03 16:09:21,545 INFO  MyLogger.info - Filling username field
2017-09-03 16:09:22,460 INFO  MyLogger.info - Pressing Next button
2017-09-03 16:09:23,146 INFO  MyLogger.info - Filling password field
2017-09-03 16:09:26,957 INFO  MyLogger.info - Pressing Next button
2017-09-03 16:09:26,958 INFO  MyLogger.info - Username and password fields are filled
2017-09-03 16:09:26,958 INFO  MyLogger.info - Successfully logged in as tuser5500@gmail.com/Mentoring
2017-09-03 16:09:27,917 INFO  MyLogger.info - Creting n
2017-09-03 16:09:29,171 INFO  MyLogger.info - To field filled with data
2017-09-03 16:09:30,002 INFO  MyLogger.info - Subject field filled with data
2017-09-03 16:09:30,251 INFO  MyLogger.info - Body field filled with data
2017-09-03 16:09:30,826 INFO  MyLogger.info - Draft successfully filled
2017-09-03 16:09:31,342 INFO  MyLogger.info - Save button is found
2017-09-03 16:09:31,342 INFO  MyLogger.info - Draft saved
2017-09-03 16:09:32,173 INFO  MyLogger.info - Saved screenshot: ./target/screenshots/scr427499597420724
2017-09-03 16:09:32,650 INFO  MyLogger.info - closing driver
2017-09-03 16:10:50,497 INFO  MyLogger.info - creating driver
2017-09-03 16:10:50,536 INFO  MyLogger.info - Opening http://gmail.com
2017-09-03 16:10:52,823 INFO  MyLogger.info - Trying to log in as tuser5500@gmail.com/Mentoring
2017-09-03 16:10:53,106 INFO  MyLogger.info - Filling username field
2017-09-03 16:10:53,690 INFO  MyLogger.info - Pressing Next button
2017-09-03 16:10:54,488 INFO  MyLogger.info - Filling password field
2017-09-03 16:10:58,095 INFO  MyLogger.info - Pressing Next button
2017-09-03 16:10:58,096 INFO  MyLogger.info - Username and password fields are filled
2017-09-03 16:10:58,096 INFO  MyLogger.info - Successfully logged in as tuser5500@gmail.com/Mentoring
2017-09-03 16:10:58,629 INFO  MyLogger.info - Creting n
2017-09-03 16:10:59,502 INFO  MyLogger.info - To field filled with data
2017-09-03 16:10:59,766 INFO  MyLogger.info - Subject field filled with data
2017-09-03 16:10:59,909 INFO  MyLogger.info - Body field filled with data
2017-09-03 16:11:00,236 INFO  MyLogger.info - Draft successfully filled
2017-09-03 16:11:01,120 INFO  MyLogger.info - Save button is found
2017-09-03 16:11:01,120 INFO  MyLogger.info - Draft saved
2017-09-03 16:11:01,649 INFO  MyLogger.info - Opening Drafts folder
2017-09-03 16:11:02,904 INFO  MyLogger.info - Opening draft message by pressing keyboard buttons
2017-09-03 16:11:23,694 INFO  MyLogger.info - Saved screenshot: ./target/screenshots/scr427611127084491
2017-09-03 16:11:24,195 INFO  MyLogger.info - closing driver
2017-09-03 16:12:11,572 INFO  MyLogger.info - creating driver
2017-09-03 16:12:11,621 INFO  MyLogger.info - Opening http://gmail.com
2017-09-03 16:12:13,768 INFO  MyLogger.info - Trying to log in as tuser5500@gmail.com/Mentoring
2017-09-03 16:12:14,147 INFO  MyLogger.info - Filling username field
2017-09-03 16:12:14,759 INFO  MyLogger.info - Pressing Next button
2017-09-03 16:12:15,568 INFO  MyLogger.info - Filling password field
2017-09-03 16:12:20,912 INFO  MyLogger.info - Pressing Next button
2017-09-03 16:12:20,913 INFO  MyLogger.info - Username and password fields are filled
2017-09-03 16:12:20,913 INFO  MyLogger.info - Successfully logged in as tuser5500@gmail.com/Mentoring
2017-09-03 16:12:21,798 INFO  MyLogger.info - Creting n
2017-09-03 16:12:22,295 INFO  MyLogger.info - To field filled with data
2017-09-03 16:12:22,637 INFO  MyLogger.info - Subject field filled with data
2017-09-03 16:12:22,819 INFO  MyLogger.info - Body field filled with data
2017-09-03 16:12:23,128 INFO  MyLogger.info - Draft successfully filled
2017-09-03 16:12:23,570 INFO  MyLogger.info - Save button is found
2017-09-03 16:12:23,570 INFO  MyLogger.info - Draft saved
2017-09-03 16:12:24,032 INFO  MyLogger.info - Opening Drafts folder
2017-09-03 16:12:25,107 INFO  MyLogger.info - Opening draft message by pressing keyboard buttons
2017-09-03 16:12:25,233 INFO  MyLogger.info - Reading Body field value
2017-09-03 16:12:25,399 INFO  MyLogger.info - Draft was successfully created and opened by pressing keyboard buttons
2017-09-03 16:12:26,001 INFO  MyLogger.info - closing driver
2017-09-03 16:12:53,657 INFO  MyLogger.info - creating driver
2017-09-03 16:12:53,811 INFO  MyLogger.info - Opening http://gmail.com
2017-09-03 16:12:55,967 INFO  MyLogger.info - Trying to log in as tuser5500@gmail.com/111
2017-09-03 16:12:56,241 INFO  MyLogger.info - Filling username field
2017-09-03 16:12:56,850 INFO  MyLogger.info - Pressing Next button
2017-09-03 16:12:57,635 INFO  MyLogger.info - Filling password field
2017-09-03 16:13:03,011 INFO  MyLogger.info - Pressing Next button
2017-09-03 16:13:03,012 INFO  MyLogger.info - Username and password fields are filled
2017-09-03 16:13:03,012 ERROR MyLogger.error - User has incorrect login
2017-09-03 16:13:03,014 INFO  MyLogger.info - Checking error message
2017-09-03 16:13:03,080 INFO  MyLogger.info - User was not logged in with incorrect login
2017-09-03 16:13:03,550 INFO  MyLogger.info - closing driver
2017-09-03 16:13:07,609 INFO  MyLogger.info - creating driver
2017-09-03 16:13:07,614 INFO  MyLogger.info - Opening http://gmail.com
2017-09-03 16:13:09,623 INFO  MyLogger.info - Trying to log in as tuser5500@gmail.com/Mentoring
2017-09-03 16:13:09,776 INFO  MyLogger.info - Filling username field
2017-09-03 16:13:10,448 INFO  MyLogger.info - Pressing Next button
2017-09-03 16:13:11,209 INFO  MyLogger.info - Filling password field
2017-09-03 16:13:14,734 INFO  MyLogger.info - Pressing Next button
2017-09-03 16:13:14,734 INFO  MyLogger.info - Username and password fields are filled
2017-09-03 16:13:14,734 INFO  MyLogger.info - Successfully logged in as tuser5500@gmail.com/Mentoring
2017-09-03 16:13:15,239 INFO  MyLogger.info - Creting n
2017-09-03 16:13:16,214 INFO  MyLogger.info - To field filled with data
2017-09-03 16:13:16,542 INFO  MyLogger.info - Subject field filled with data
2017-09-03 16:13:17,070 INFO  MyLogger.info - Body field filled with data
2017-09-03 16:13:17,464 INFO  MyLogger.info - Draft successfully filled
2017-09-03 16:13:18,023 INFO  MyLogger.info - Draft was deleted
2017-09-03 16:13:18,314 INFO  MyLogger.info - Checking message draft is discard
2017-09-03 16:13:18,422 INFO  MyLogger.info - Draft was successfully created, checked and deleted
2017-09-03 16:13:18,889 INFO  MyLogger.info - closing driver
2017-09-03 16:13:22,236 INFO  MyLogger.info - creating driver
2017-09-03 16:13:22,237 INFO  MyLogger.info - Opening http://gmail.com
2017-09-03 16:13:24,249 INFO  MyLogger.info - Trying to log in as tuser5500@gmail.com/Mentoring
2017-09-03 16:13:24,395 INFO  MyLogger.info - Filling username field
2017-09-03 16:13:25,013 INFO  MyLogger.info - Pressing Next button
2017-09-03 16:13:25,650 INFO  MyLogger.info - Filling password field
2017-09-03 16:13:29,179 INFO  MyLogger.info - Pressing Next button
2017-09-03 16:13:29,180 INFO  MyLogger.info - Username and password fields are filled
2017-09-03 16:13:29,180 INFO  MyLogger.info - Successfully logged in as tuser5500@gmail.com/Mentoring
2017-09-03 16:13:29,609 INFO  MyLogger.info - Creting n
2017-09-03 16:13:30,612 INFO  MyLogger.info - To field filled with data
2017-09-03 16:13:30,952 INFO  MyLogger.info - Subject field filled with data
2017-09-03 16:13:31,120 INFO  MyLogger.info - Body field filled with data
2017-09-03 16:13:31,531 INFO  MyLogger.info - Draft successfully filled
2017-09-03 16:13:31,902 INFO  MyLogger.info - Save button is found
2017-09-03 16:13:31,903 INFO  MyLogger.info - Draft saved
2017-09-03 16:13:32,319 INFO  MyLogger.info - Opening Drafts folder
2017-09-03 16:13:33,776 INFO  MyLogger.info - Opening draft message by pressing keyboard buttons
2017-09-03 16:13:33,974 INFO  MyLogger.info - Reading Body field value
2017-09-03 16:13:34,136 INFO  MyLogger.info - Draft was successfully created and opened by pressing keyboard buttons
2017-09-03 16:13:34,597 INFO  MyLogger.info - closing driver
2017-09-03 16:30:13,199 INFO  MyLogger.info - creating driver
2017-09-03 16:30:13,239 INFO  MyLogger.info - Opening http://gmail.com
2017-09-03 16:30:15,518 INFO  MyLogger.info - Trying to log in as tuser5500@gmail.com/Mentoring
2017-09-03 16:30:15,736 INFO  MyLogger.info - Filling username field
2017-09-03 16:30:16,450 INFO  MyLogger.info - closing driver
2017-09-03 16:38:49,782 INFO  MyLogger.info - creating driver
2017-09-03 16:38:49,819 INFO  MyLogger.info - Opening http://gmail.com
2017-09-03 16:38:52,031 INFO  MyLogger.info - Trying to log in as tuser5500@gmail.com/Mentoring
2017-09-03 16:38:52,306 INFO  MyLogger.info - Filling username field
2017-09-03 16:38:53,209 INFO  MyLogger.info - Pressing Next button
2017-09-03 16:38:53,929 INFO  MyLogger.info - Filling password field
2017-09-03 16:38:56,844 INFO  MyLogger.info - Pressing Next button
2017-09-03 16:38:56,845 INFO  MyLogger.info - Username and password fields are filled
2017-09-03 16:38:56,845 INFO  MyLogger.info - Successfully logged in as tuser5500@gmail.com/Mentoring
2017-09-03 16:38:58,958 INFO  MyLogger.info - Creting n
2017-09-03 16:39:00,932 INFO  MyLogger.info - Saved screenshot: ./target/screenshots/scr429268364368950
2017-09-03 16:39:01,349 INFO  MyLogger.info - closing driver
2017-09-03 16:40:24,216 INFO  MyLogger.info - creating driver
2017-09-03 16:40:24,259 INFO  MyLogger.info - Opening http://gmail.com
2017-09-03 16:40:26,345 INFO  MyLogger.info - Trying to log in as tuser5500@gmail.com/Mentoring
2017-09-03 16:40:26,555 INFO  MyLogger.info - Filling username field
2017-09-03 16:40:27,398 INFO  MyLogger.info - Pressing Next button
2017-09-03 16:40:28,197 INFO  MyLogger.info - Filling password field
2017-09-03 16:40:34,091 INFO  MyLogger.info - Pressing Next button
2017-09-03 16:40:34,091 INFO  MyLogger.info - Username and password fields are filled
2017-09-03 16:40:34,092 INFO  MyLogger.info - Successfully logged in as tuser5500@gmail.com/Mentoring
2017-09-03 16:40:35,012 INFO  MyLogger.info - Creting n
2017-09-03 16:40:35,587 INFO  MyLogger.info - To field filled with data
2017-09-03 16:40:35,946 INFO  MyLogger.info - Subject field filled with data
2017-09-03 16:40:36,196 INFO  MyLogger.info - Body field filled with data
2017-09-03 16:40:36,794 INFO  MyLogger.info - Draft successfully filled
2017-09-03 16:40:37,197 INFO  MyLogger.info - Save button is found
2017-09-03 16:40:37,198 INFO  MyLogger.info - Draft saved
2017-09-03 16:40:37,921 INFO  MyLogger.info - Opening Drafts folder
2017-09-03 16:40:38,915 INFO  MyLogger.info - Opening draft message by pressing keyboard buttons
2017-09-03 16:40:59,719 INFO  MyLogger.info - Saved screenshot: ./target/screenshots/scr429387153404657
2017-09-03 16:41:00,228 INFO  MyLogger.info - closing driver
2017-09-03 16:44:42,738 INFO  MyLogger.info - creating driver
2017-09-03 16:44:42,802 INFO  MyLogger.info - Opening http://gmail.com
2017-09-03 16:44:44,851 INFO  MyLogger.info - Trying to log in as tuser5500@gmail.com/Mentoring
2017-09-03 16:44:45,029 INFO  MyLogger.info - Filling username field
2017-09-03 16:44:45,719 INFO  MyLogger.info - Pressing Next button
2017-09-03 16:44:46,426 INFO  MyLogger.info - Filling password field
2017-09-03 16:44:50,161 INFO  MyLogger.info - Pressing Next button
2017-09-03 16:44:50,161 INFO  MyLogger.info - Username and password fields are filled
2017-09-03 16:44:50,161 INFO  MyLogger.info - Successfully logged in as tuser5500@gmail.com/Mentoring
2017-09-03 16:44:50,768 INFO  MyLogger.info - Creting n
2017-09-03 16:44:51,859 INFO  MyLogger.info - To field filled with data
2017-09-03 16:44:52,130 INFO  MyLogger.info - Subject field filled with data
2017-09-03 16:44:52,656 INFO  MyLogger.info - Body field filled with data
2017-09-03 16:44:53,109 INFO  MyLogger.info - Draft successfully filled
2017-09-03 16:44:53,679 INFO  MyLogger.info - Save button is found
2017-09-03 16:44:53,679 INFO  MyLogger.info - Draft saved
2017-09-03 16:44:54,593 INFO  MyLogger.info - Opening Drafts folder
2017-09-03 16:44:55,244 INFO  MyLogger.info - Opening draft message by pressing keyboard buttons
2017-09-03 16:45:15,640 INFO  MyLogger.info - Saved screenshot: ./target/screenshots/scr429643069176411
2017-09-03 16:45:16,143 INFO  MyLogger.info - closing driver
2017-09-03 16:46:07,042 INFO  MyLogger.info - creating driver
2017-09-03 16:46:07,084 INFO  MyLogger.info - Opening http://gmail.com
2017-09-03 16:46:09,039 INFO  MyLogger.info - Trying to log in as tuser5500@gmail.com/Mentoring
2017-09-03 16:46:09,215 INFO  MyLogger.info - Filling username field
2017-09-03 16:46:09,951 INFO  MyLogger.info - Pressing Next button
2017-09-03 16:46:10,850 INFO  MyLogger.info - Filling password field
2017-09-03 16:46:14,376 INFO  MyLogger.info - Pressing Next button
2017-09-03 16:46:14,376 INFO  MyLogger.info - Username and password fields are filled
2017-09-03 16:46:14,376 INFO  MyLogger.info - Successfully logged in as tuser5500@gmail.com/Mentoring
2017-09-03 16:46:15,134 INFO  MyLogger.info - Creting n
2017-09-03 16:46:15,725 INFO  MyLogger.info - To field filled with data
2017-09-03 16:46:16,064 INFO  MyLogger.info - Subject field filled with data
2017-09-03 16:46:16,232 INFO  MyLogger.info - Body field filled with data
2017-09-03 16:46:16,635 INFO  MyLogger.info - Draft successfully filled
2017-09-03 16:46:17,472 INFO  MyLogger.info - Save button is found
2017-09-03 16:46:17,473 INFO  MyLogger.info - Draft saved
2017-09-03 16:46:17,984 INFO  MyLogger.info - Opening Drafts folder
2017-09-03 16:46:19,603 INFO  MyLogger.info - Opening draft message by pressing keyboard buttons
2017-09-03 16:46:39,930 INFO  MyLogger.info - Saved screenshot: ./target/screenshots/scr429727362440656
2017-09-03 16:46:40,456 INFO  MyLogger.info - closing driver
2017-09-03 16:47:25,842 INFO  MyLogger.info - creating driver
2017-09-03 16:47:25,892 INFO  MyLogger.info - Opening http://gmail.com
2017-09-03 16:47:27,993 INFO  MyLogger.info - Trying to log in as tuser5500@gmail.com/Mentoring
2017-09-03 16:47:28,221 INFO  MyLogger.info - Filling username field
2017-09-03 16:47:28,884 INFO  MyLogger.info - Pressing Next button
2017-09-03 16:47:29,680 INFO  MyLogger.info - Filling password field
2017-09-03 16:47:33,198 INFO  MyLogger.info - Pressing Next button
2017-09-03 16:47:33,198 INFO  MyLogger.info - Username and password fields are filled
2017-09-03 16:47:33,199 INFO  MyLogger.info - Successfully logged in as tuser5500@gmail.com/Mentoring
2017-09-03 16:47:33,972 INFO  MyLogger.info - Creting n
2017-09-03 16:47:34,406 INFO  MyLogger.info - To field filled with data
2017-09-03 16:47:34,797 INFO  MyLogger.info - Subject field filled with data
2017-09-03 16:47:34,938 INFO  MyLogger.info - Body field filled with data
2017-09-03 16:47:35,299 INFO  MyLogger.info - Draft successfully filled
2017-09-03 16:47:35,675 INFO  MyLogger.info - Save button is found
2017-09-03 16:47:35,676 INFO  MyLogger.info - Draft saved
2017-09-03 16:47:36,642 INFO  MyLogger.info - Saved screenshot: ./target/screenshots/scr429784071826087
2017-09-03 16:47:37,153 INFO  MyLogger.info - closing driver
2017-09-03 16:50:46,906 INFO  MyLogger.info - creating driver
2017-09-03 16:50:46,953 INFO  MyLogger.info - Opening http://gmail.com
2017-09-03 16:50:48,976 INFO  MyLogger.info - Trying to log in as tuser5500@gmail.com/Mentoring
2017-09-03 16:50:49,193 INFO  MyLogger.info - Filling username field
2017-09-03 16:50:50,073 INFO  MyLogger.info - Pressing Next button
2017-09-03 16:50:50,812 INFO  MyLogger.info - Filling password field
2017-09-03 16:50:54,915 INFO  MyLogger.info - Pressing Next button
2017-09-03 16:50:54,915 INFO  MyLogger.info - Username and password fields are filled
2017-09-03 16:50:54,915 INFO  MyLogger.info - Successfully logged in as tuser5500@gmail.com/Mentoring
2017-09-03 16:50:55,543 INFO  MyLogger.info - Creting n
2017-09-03 16:50:56,077 INFO  MyLogger.info - To field filled with data
2017-09-03 16:50:56,377 INFO  MyLogger.info - Subject field filled with data
2017-09-03 16:50:56,516 INFO  MyLogger.info - Body field filled with data
2017-09-03 16:50:56,852 INFO  MyLogger.info - Draft successfully filled
2017-09-03 16:50:57,241 INFO  MyLogger.info - Save button is found
2017-09-03 16:50:57,241 INFO  MyLogger.info - Draft saved
2017-09-03 16:50:57,636 INFO  MyLogger.info - Opening Drafts folder
2017-09-03 16:50:59,400 INFO  MyLogger.info - Opening draft message by pressing keyboard buttons
2017-09-03 16:51:19,791 INFO  MyLogger.info - Saved screenshot: ./target/screenshots/scr430007223992228
2017-09-03 16:51:20,299 INFO  MyLogger.info - closing driver
2017-09-03 16:52:17,098 INFO  MyLogger.info - creating driver
2017-09-03 16:52:17,175 INFO  MyLogger.info - Opening http://gmail.com
2017-09-03 16:52:19,373 INFO  MyLogger.info - Trying to log in as tuser5500@gmail.com/Mentoring
2017-09-03 16:52:19,552 INFO  MyLogger.info - Filling username field
2017-09-03 16:52:20,290 INFO  MyLogger.info - Pressing Next button
2017-09-03 16:52:20,917 INFO  MyLogger.info - Filling password field
2017-09-03 16:52:26,365 INFO  MyLogger.info - Pressing Next button
2017-09-03 16:52:26,365 INFO  MyLogger.info - Username and password fields are filled
2017-09-03 16:52:26,365 INFO  MyLogger.info - Successfully logged in as tuser5500@gmail.com/Mentoring
2017-09-03 16:52:27,278 INFO  MyLogger.info - Creting n
2017-09-03 16:52:28,024 INFO  MyLogger.info - To field filled with data
2017-09-03 16:52:28,488 INFO  MyLogger.info - Subject field filled with data
2017-09-03 16:52:28,680 INFO  MyLogger.info - Body field filled with data
2017-09-03 16:52:29,064 INFO  MyLogger.info - Draft successfully filled
2017-09-03 16:52:29,456 INFO  MyLogger.info - Save button is found
2017-09-03 16:52:29,456 INFO  MyLogger.info - Draft saved
2017-09-03 16:52:30,147 INFO  MyLogger.info - Saved screenshot: ./target/screenshots/scr430077579004548
2017-09-03 16:52:30,756 INFO  MyLogger.info - closing driver
2017-09-03 16:53:50,078 INFO  MyLogger.info - creating driver
2017-09-03 16:53:50,178 INFO  MyLogger.info - Opening http://gmail.com
2017-09-03 16:53:52,369 INFO  MyLogger.info - Trying to log in as tuser5500@gmail.com/Mentoring
2017-09-03 16:53:52,724 INFO  MyLogger.info - Filling username field
2017-09-03 16:53:53,498 INFO  MyLogger.info - Pressing Next button
2017-09-03 16:53:54,292 INFO  MyLogger.info - Filling password field
2017-09-03 16:53:57,886 INFO  MyLogger.info - Pressing Next button
2017-09-03 16:53:57,886 INFO  MyLogger.info - Username and password fields are filled
2017-09-03 16:53:57,887 INFO  MyLogger.info - Successfully logged in as tuser5500@gmail.com/Mentoring
2017-09-03 16:53:58,737 INFO  MyLogger.info - Creting n
2017-09-03 16:53:59,367 INFO  MyLogger.info - To field filled with data
2017-09-03 16:53:59,657 INFO  MyLogger.info - Subject field filled with data
2017-09-03 16:54:00,265 INFO  MyLogger.info - Body field filled with data
2017-09-03 16:54:00,701 INFO  MyLogger.info - Draft successfully filled
2017-09-03 16:54:01,330 INFO  MyLogger.info - Save button is found
2017-09-03 16:54:01,330 INFO  MyLogger.info - Draft saved
2017-09-03 16:54:02,358 INFO  MyLogger.info - Opening Drafts folder
2017-09-03 16:54:03,396 INFO  MyLogger.info - Opening draft message by pressing keyboard buttons
2017-09-03 16:54:23,743 INFO  MyLogger.info - Saved screenshot: ./target/screenshots/scr430191177201962
2017-09-03 16:54:24,240 INFO  MyLogger.info - closing driver
2017-09-03 16:57:43,794 INFO  MyLogger.info - creating driver
2017-09-03 16:57:43,850 INFO  MyLogger.info - Opening http://gmail.com
2017-09-03 16:57:46,059 INFO  MyLogger.info - Trying to log in as tuser5500@gmail.com/Mentoring
2017-09-03 16:57:46,235 INFO  MyLogger.info - Filling username field
2017-09-03 16:57:46,978 INFO  MyLogger.info - Pressing Next button
2017-09-03 16:57:47,596 INFO  MyLogger.info - Filling password field
2017-09-03 16:57:53,195 INFO  MyLogger.info - Pressing Next button
2017-09-03 16:57:53,196 INFO  MyLogger.info - Username and password fields are filled
2017-09-03 16:57:53,196 INFO  MyLogger.info - Successfully logged in as tuser5500@gmail.com/Mentoring
2017-09-03 16:57:54,197 INFO  MyLogger.info - Creting n
2017-09-03 16:57:54,812 INFO  MyLogger.info - To field filled with data
2017-09-03 16:57:55,385 INFO  MyLogger.info - Subject field filled with data
2017-09-03 16:57:55,589 INFO  MyLogger.info - Body field filled with data
2017-09-03 16:57:55,953 INFO  MyLogger.info - Draft successfully filled
2017-09-03 16:57:56,320 INFO  MyLogger.info - Save button is found
2017-09-03 16:57:56,321 INFO  MyLogger.info - Draft saved
2017-09-03 16:57:56,795 INFO  MyLogger.info - Opening Drafts folder
2017-09-03 16:57:58,437 INFO  MyLogger.info - Opening draft message by pressing keyboard buttons
2017-09-03 16:58:18,777 INFO  MyLogger.info - Saved screenshot: ./target/screenshots/scr430426209105529
2017-09-03 16:58:19,321 INFO  MyLogger.info - closing driver
2017-09-03 16:58:53,242 INFO  MyLogger.info - creating driver
2017-09-03 16:58:53,281 INFO  MyLogger.info - Opening http://gmail.com
2017-09-03 16:58:55,426 INFO  MyLogger.info - Trying to log in as tuser5500@gmail.com/Mentoring
2017-09-03 16:58:55,601 INFO  MyLogger.info - Filling username field
2017-09-03 16:58:56,373 INFO  MyLogger.info - Pressing Next button
2017-09-03 16:58:57,230 INFO  MyLogger.info - Filling password field
2017-09-03 16:58:59,514 INFO  MyLogger.info - Pressing Next button
2017-09-03 16:58:59,515 INFO  MyLogger.info - Username and password fields are filled
2017-09-03 16:58:59,515 INFO  MyLogger.info - Successfully logged in as tuser5500@gmail.com/Mentoring
2017-09-03 16:59:01,489 INFO  MyLogger.info - Creting n
2017-09-03 16:59:03,115 INFO  MyLogger.info - To field filled with data
2017-09-03 16:59:03,436 INFO  MyLogger.info - Subject field filled with data
2017-09-03 16:59:03,996 INFO  MyLogger.info - Body field filled with data
2017-09-03 16:59:04,468 INFO  MyLogger.info - Draft successfully filled
2017-09-03 16:59:05,127 INFO  MyLogger.info - Save button is found
2017-09-03 16:59:05,127 INFO  MyLogger.info - Draft saved
2017-09-03 16:59:05,768 INFO  MyLogger.info - Opening Drafts folder
2017-09-03 16:59:07,584 INFO  MyLogger.info - Opening draft message by pressing keyboard buttons
2017-09-03 16:59:28,400 INFO  MyLogger.info - Saved screenshot: ./target/screenshots/scr430495826695316
2017-09-03 16:59:28,903 INFO  MyLogger.info - closing driver
2017-09-03 17:00:04,100 INFO  MyLogger.info - creating driver
2017-09-03 17:00:04,130 INFO  MyLogger.info - Opening http://gmail.com
2017-09-03 17:00:06,096 INFO  MyLogger.info - Trying to log in as tuser5500@gmail.com/Mentoring
2017-09-03 17:00:06,277 INFO  MyLogger.info - Filling username field
2017-09-03 17:00:07,149 INFO  MyLogger.info - Pressing Next button
2017-09-03 17:00:07,920 INFO  MyLogger.info - Filling password field
2017-09-03 17:00:13,373 INFO  MyLogger.info - Pressing Next button
2017-09-03 17:00:13,373 INFO  MyLogger.info - Username and password fields are filled
2017-09-03 17:00:13,374 INFO  MyLogger.info - Successfully logged in as tuser5500@gmail.com/Mentoring
2017-09-03 17:00:14,497 INFO  MyLogger.info - Creting n
2017-09-03 17:00:15,579 INFO  MyLogger.info - To field filled with data
2017-09-03 17:00:15,901 INFO  MyLogger.info - Subject field filled with data
2017-09-03 17:00:16,078 INFO  MyLogger.info - Body field filled with data
2017-09-03 17:00:16,461 INFO  MyLogger.info - Draft successfully filled
2017-09-03 17:00:16,816 INFO  MyLogger.info - Save button is found
2017-09-03 17:00:16,816 INFO  MyLogger.info - Draft saved
2017-09-03 17:00:17,705 INFO  MyLogger.info - Opening Drafts folder
2017-09-03 17:00:18,651 INFO  MyLogger.info - Opening draft message by pressing keyboard buttons
2017-09-03 17:00:39,466 INFO  MyLogger.info - Saved screenshot: ./target/screenshots/scr430566897008714
2017-09-03 17:00:39,988 INFO  MyLogger.info - closing driver
2017-09-03 17:01:15,957 INFO  MyLogger.info - creating driver
2017-09-03 17:01:16,003 INFO  MyLogger.info - Opening http://gmail.com
2017-09-03 17:01:17,848 INFO  MyLogger.info - Trying to log in as tuser5500@gmail.com/Mentoring
2017-09-03 17:01:18,061 INFO  MyLogger.info - Filling username field
2017-09-03 17:01:18,855 INFO  MyLogger.info - Pressing Next button
2017-09-03 17:01:19,783 INFO  MyLogger.info - Filling password field
2017-09-03 17:01:23,203 INFO  MyLogger.info - Pressing Next button
2017-09-03 17:01:23,203 INFO  MyLogger.info - Username and password fields are filled
2017-09-03 17:01:23,204 INFO  MyLogger.info - Successfully logged in as tuser5500@gmail.com/Mentoring
2017-09-03 17:01:23,806 INFO  MyLogger.info - Creting n
2017-09-03 17:01:24,805 INFO  MyLogger.info - To field filled with data
2017-09-03 17:01:25,182 INFO  MyLogger.info - Subject field filled with data
2017-09-03 17:01:25,837 INFO  MyLogger.info - Body field filled with data
2017-09-03 17:01:26,349 INFO  MyLogger.info - Draft successfully filled
2017-09-03 17:01:27,019 INFO  MyLogger.info - Save button is found
2017-09-03 17:01:27,019 INFO  MyLogger.info - Draft saved
2017-09-03 17:01:27,923 INFO  MyLogger.info - Opening Drafts folder
2017-09-03 17:01:29,668 INFO  MyLogger.info - Opening draft message by pressing keyboard buttons
2017-09-03 17:01:50,019 INFO  MyLogger.info - Saved screenshot: ./target/screenshots/scr430637451781390
2017-09-03 17:01:50,528 INFO  MyLogger.info - closing driver
2017-09-03 17:02:41,707 INFO  MyLogger.info - creating driver
2017-09-03 17:02:41,753 INFO  MyLogger.info - Opening http://gmail.com
2017-09-03 17:02:43,737 INFO  MyLogger.info - Trying to log in as tuser5500@gmail.com/Mentoring
2017-09-03 17:02:44,128 INFO  MyLogger.info - Filling username field
2017-09-03 17:02:44,881 INFO  MyLogger.info - Pressing Next button
2017-09-03 17:02:45,699 INFO  MyLogger.info - Filling password field
2017-09-03 17:02:51,119 INFO  MyLogger.info - Pressing Next button
2017-09-03 17:02:51,120 INFO  MyLogger.info - Username and password fields are filled
2017-09-03 17:02:51,120 INFO  MyLogger.info - Successfully logged in as tuser5500@gmail.com/Mentoring
2017-09-03 17:02:52,056 INFO  MyLogger.info - Creting n
2017-09-03 17:02:53,125 INFO  MyLogger.info - To field filled with data
2017-09-03 17:02:53,491 INFO  MyLogger.info - Subject field filled with data
2017-09-03 17:02:53,623 INFO  MyLogger.info - Body field filled with data
2017-09-03 17:02:53,998 INFO  MyLogger.info - Draft successfully filled
2017-09-03 17:02:54,376 INFO  MyLogger.info - Save button is found
2017-09-03 17:02:54,377 INFO  MyLogger.info - Draft saved
2017-09-03 17:02:54,973 INFO  MyLogger.info - Opening Drafts folder
2017-09-03 17:02:56,572 INFO  MyLogger.info - Opening draft message by pressing keyboard buttons
2017-09-03 17:03:07,712 INFO  MyLogger.info - Reading Body field value
2017-09-03 17:03:07,860 INFO  MyLogger.info - Draft was successfully created and opened by pressing keyboard buttons
2017-09-03 17:03:08,531 INFO  MyLogger.info - closing driver
2017-09-03 17:03:43,827 INFO  MyLogger.info - creating driver
2017-09-03 17:03:43,867 INFO  MyLogger.info - Opening http://gmail.com
2017-09-03 17:03:45,827 INFO  MyLogger.info - Trying to log in as tuser5500@gmail.com/Mentoring
2017-09-03 17:03:46,006 INFO  MyLogger.info - Filling username field
2017-09-03 17:03:46,897 INFO  MyLogger.info - Pressing Next button
2017-09-03 17:03:47,636 INFO  MyLogger.info - Filling password field
2017-09-03 17:03:51,569 INFO  MyLogger.info - Pressing Next button
2017-09-03 17:03:51,569 INFO  MyLogger.info - Username and password fields are filled
2017-09-03 17:03:51,570 INFO  MyLogger.info - Successfully logged in as tuser5500@gmail.com/Mentoring
2017-09-03 17:03:52,311 INFO  MyLogger.info - Creting n
2017-09-03 17:03:52,916 INFO  MyLogger.info - To field filled with data
2017-09-03 17:03:53,358 INFO  MyLogger.info - Subject field filled with data
2017-09-03 17:03:53,500 INFO  MyLogger.info - Body field filled with data
2017-09-03 17:03:53,913 INFO  MyLogger.info - Draft successfully filled
2017-09-03 17:03:54,323 INFO  MyLogger.info - Save button is found
2017-09-03 17:03:54,323 INFO  MyLogger.info - Draft saved
2017-09-03 17:03:55,229 INFO  MyLogger.info - Opening Drafts folder
2017-09-03 17:03:57,768 INFO  MyLogger.info - Opening draft message by pressing keyboard buttons
2017-09-03 17:04:03,761 INFO  MyLogger.info - Reading Body field value
2017-09-03 17:04:04,026 INFO  MyLogger.info - Draft was successfully created and opened by pressing keyboard buttons
2017-09-03 17:04:04,644 INFO  MyLogger.info - closing driver
2017-09-03 17:05:12,907 INFO  MyLogger.info - creating driver
2017-09-03 17:05:12,977 INFO  MyLogger.info - Opening http://gmail.com
2017-09-03 17:05:15,103 INFO  MyLogger.info - Trying to log in as tuser5500@gmail.com/Mentoring
2017-09-03 17:05:15,292 INFO  MyLogger.info - Filling username field
2017-09-03 17:05:16,202 INFO  MyLogger.info - Pressing Next button
2017-09-03 17:05:17,016 INFO  MyLogger.info - Filling password field
2017-09-03 17:05:20,564 INFO  MyLogger.info - Pressing Next button
2017-09-03 17:05:20,564 INFO  MyLogger.info - Username and password fields are filled
2017-09-03 17:05:20,565 INFO  MyLogger.info - Successfully logged in as tuser5500@gmail.com/Mentoring
2017-09-03 17:05:21,334 INFO  MyLogger.info - Creting n
2017-09-03 17:05:21,903 INFO  MyLogger.info - To field filled with data
2017-09-03 17:05:22,231 INFO  MyLogger.info - Subject field filled with data
2017-09-03 17:05:22,383 INFO  MyLogger.info - Body field filled with data
2017-09-03 17:05:22,758 INFO  MyLogger.info - Draft successfully filled
2017-09-03 17:05:23,690 INFO  MyLogger.info - Save button is found
2017-09-03 17:05:23,691 INFO  MyLogger.info - Draft saved
2017-09-03 17:05:24,440 INFO  MyLogger.info - Opening Drafts folder
2017-09-03 17:05:26,668 INFO  MyLogger.info - Opening draft message by pressing keyboard buttons
2017-09-03 17:05:47,070 INFO  MyLogger.info - Saved screenshot: ./target/screenshots/scr430874501836837
2017-09-03 17:05:47,594 INFO  MyLogger.info - closing driver
2017-09-03 17:07:00,248 INFO  MyLogger.info - creating driver
2017-09-03 17:07:00,285 INFO  MyLogger.info - Opening http://gmail.com
2017-09-03 17:07:02,374 INFO  MyLogger.info - Trying to log in as tuser5500@gmail.com/Mentoring
2017-09-03 17:07:02,572 INFO  MyLogger.info - Filling username field
2017-09-03 17:07:03,521 INFO  MyLogger.info - Pressing Next button
2017-09-03 17:07:04,396 INFO  MyLogger.info - Filling password field
2017-09-03 17:07:07,827 INFO  MyLogger.info - Pressing Next button
2017-09-03 17:07:07,828 INFO  MyLogger.info - Username and password fields are filled
2017-09-03 17:07:07,828 INFO  MyLogger.info - Successfully logged in as tuser5500@gmail.com/Mentoring
2017-09-03 17:07:08,462 INFO  MyLogger.info - Creting n
2017-09-03 17:07:09,591 INFO  MyLogger.info - To field filled with data
2017-09-03 17:07:10,015 INFO  MyLogger.info - Subject field filled with data
2017-09-03 17:07:10,174 INFO  MyLogger.info - Body field filled with data
2017-09-03 17:07:10,705 INFO  MyLogger.info - Draft successfully filled
2017-09-03 17:07:11,086 INFO  MyLogger.info - Save button is found
2017-09-03 17:07:11,086 INFO  MyLogger.info - Draft saved
2017-09-03 17:07:12,346 INFO  MyLogger.info - Opening Drafts folder
2017-09-03 17:07:12,569 INFO  MyLogger.info - Opening draft message by pressing keyboard buttons
2017-09-03 17:07:19,674 INFO  MyLogger.info - Reading Body field value
2017-09-03 17:07:19,808 INFO  MyLogger.info - Draft was successfully created and opened by pressing keyboard buttons
2017-09-03 17:07:20,432 INFO  MyLogger.info - closing driver
2017-09-03 17:07:56,866 INFO  MyLogger.info - creating driver
2017-09-03 17:07:56,910 INFO  MyLogger.info - Opening http://gmail.com
2017-09-03 17:07:58,897 INFO  MyLogger.info - Trying to log in as tuser5500@gmail.com/Mentoring
2017-09-03 17:07:59,141 INFO  MyLogger.info - Filling username field
2017-09-03 17:08:00,200 INFO  MyLogger.info - Pressing Next button
2017-09-03 17:08:01,017 INFO  MyLogger.info - Filling password field
2017-09-03 17:08:04,534 INFO  MyLogger.info - Pressing Next button
2017-09-03 17:08:04,535 INFO  MyLogger.info - Username and password fields are filled
2017-09-03 17:08:04,535 INFO  MyLogger.info - Successfully logged in as tuser5500@gmail.com/Mentoring
2017-09-03 17:08:05,245 INFO  MyLogger.info - Creting n
2017-09-03 17:08:06,259 INFO  MyLogger.info - To field filled with data
2017-09-03 17:08:06,644 INFO  MyLogger.info - Subject field filled with data
2017-09-03 17:08:07,194 INFO  MyLogger.info - Body field filled with data
2017-09-03 17:08:07,810 INFO  MyLogger.info - Draft successfully filled
2017-09-03 17:08:08,455 INFO  MyLogger.info - Save button is found
2017-09-03 17:08:08,456 INFO  MyLogger.info - Draft saved
2017-09-03 17:08:09,099 INFO  MyLogger.info - Opening Drafts folder
2017-09-03 17:08:09,886 INFO  MyLogger.info - Opening draft message by pressing keyboard buttons
2017-09-03 17:08:24,744 INFO  MyLogger.info - Reading Body field value
2017-09-03 17:08:24,906 INFO  MyLogger.info - Draft was successfully created and opened by pressing keyboard buttons
2017-09-03 17:08:25,569 INFO  MyLogger.info - closing driver
2017-09-03 17:09:09,971 INFO  MyLogger.info - creating driver
2017-09-03 17:09:10,009 INFO  MyLogger.info - Opening http://gmail.com
2017-09-03 17:09:12,043 INFO  MyLogger.info - Trying to log in as tuser5500@gmail.com/Mentoring
2017-09-03 17:09:12,233 INFO  MyLogger.info - Filling username field
2017-09-03 17:09:13,136 INFO  MyLogger.info - Pressing Next button
2017-09-03 17:09:13,906 INFO  MyLogger.info - Filling password field
2017-09-03 17:09:17,667 INFO  MyLogger.info - Pressing Next button
2017-09-03 17:09:17,668 INFO  MyLogger.info - Username and password fields are filled
2017-09-03 17:09:17,668 INFO  MyLogger.info - Successfully logged in as tuser5500@gmail.com/Mentoring
2017-09-03 17:09:18,517 INFO  MyLogger.info - Creting n
2017-09-03 17:09:19,387 INFO  MyLogger.info - To field filled with data
2017-09-03 17:09:19,715 INFO  MyLogger.info - Subject field filled with data
2017-09-03 17:09:20,371 INFO  MyLogger.info - Body field filled with data
2017-09-03 17:09:20,940 INFO  MyLogger.info - Draft successfully filled
2017-09-03 17:09:21,729 INFO  MyLogger.info - Save button is found
2017-09-03 17:09:21,729 INFO  MyLogger.info - Draft saved
2017-09-03 17:09:22,519 INFO  MyLogger.info - Saved screenshot: ./target/screenshots/scr431089952240254
2017-09-03 17:09:23,001 INFO  MyLogger.info - closing driver
2017-09-03 17:09:36,222 INFO  MyLogger.info - creating driver
2017-09-03 17:09:36,271 INFO  MyLogger.info - Opening http://gmail.com
2017-09-03 17:09:38,244 INFO  MyLogger.info - Trying to log in as tuser5500@gmail.com/Mentoring
2017-09-03 17:09:38,437 INFO  MyLogger.info - Filling username field
2017-09-03 17:09:39,393 INFO  MyLogger.info - Pressing Next button
2017-09-03 17:09:40,237 INFO  MyLogger.info - Filling password field
2017-09-03 17:09:44,103 INFO  MyLogger.info - Pressing Next button
2017-09-03 17:09:44,104 INFO  MyLogger.info - Username and password fields are filled
2017-09-03 17:09:44,104 INFO  MyLogger.info - Successfully logged in as tuser5500@gmail.com/Mentoring
2017-09-03 17:09:45,025 INFO  MyLogger.info - Creting n
2017-09-03 17:09:45,848 INFO  MyLogger.info - To field filled with data
2017-09-03 17:09:46,181 INFO  MyLogger.info - Subject field filled with data
2017-09-03 17:09:46,950 INFO  MyLogger.info - Body field filled with data
2017-09-03 17:09:47,394 INFO  MyLogger.info - Draft successfully filled
2017-09-03 17:09:48,128 INFO  MyLogger.info - Save button is found
2017-09-03 17:09:48,128 INFO  MyLogger.info - Draft saved
2017-09-03 17:09:49,132 INFO  MyLogger.info - Opening Drafts folder
2017-09-03 17:09:49,480 INFO  MyLogger.info - Opening draft message by pressing keyboard buttons
2017-09-03 17:09:57,003 INFO  MyLogger.info - Reading Body field value
2017-09-03 17:09:57,275 INFO  MyLogger.info - Draft was successfully created and opened by pressing keyboard buttons
2017-09-03 17:09:57,925 INFO  MyLogger.info - closing driver
2017-09-03 17:10:30,674 INFO  MyLogger.info - creating driver
2017-09-03 17:10:30,731 INFO  MyLogger.info - Opening http://gmail.com
2017-09-03 17:10:32,902 INFO  MyLogger.info - Trying to log in as tuser5500@gmail.com/Mentoring
2017-09-03 17:10:33,202 INFO  MyLogger.info - Filling username field
2017-09-03 17:10:33,967 INFO  MyLogger.info - Pressing Next button
2017-09-03 17:10:34,799 INFO  MyLogger.info - Filling password field
2017-09-03 17:10:38,877 INFO  MyLogger.info - Pressing Next button
2017-09-03 17:10:38,878 INFO  MyLogger.info - Username and password fields are filled
2017-09-03 17:10:38,878 INFO  MyLogger.info - Successfully logged in as tuser5500@gmail.com/Mentoring
2017-09-03 17:10:39,575 INFO  MyLogger.info - Creting n
2017-09-03 17:10:40,139 INFO  MyLogger.info - To field filled with data
2017-09-03 17:10:41,104 INFO  MyLogger.info - Subject field filled with data
2017-09-03 17:10:41,262 INFO  MyLogger.info - Body field filled with data
2017-09-03 17:10:41,680 INFO  MyLogger.info - Draft successfully filled
2017-09-03 17:10:42,347 INFO  MyLogger.info - Save button is found
2017-09-03 17:10:42,347 INFO  MyLogger.info - Draft saved
2017-09-03 17:10:43,036 INFO  MyLogger.info - Saved screenshot: ./target/screenshots/scr431170465584830
2017-09-03 17:10:43,533 INFO  MyLogger.info - closing driver
2017-09-03 17:10:57,561 INFO  MyLogger.info - creating driver
2017-09-03 17:10:57,602 INFO  MyLogger.info - Opening http://gmail.com
2017-09-03 17:10:59,830 INFO  MyLogger.info - Trying to log in as tuser5500@gmail.com/Mentoring
2017-09-03 17:11:00,027 INFO  MyLogger.info - Filling username field
2017-09-03 17:11:00,758 INFO  MyLogger.info - Pressing Next button
2017-09-03 17:11:01,579 INFO  MyLogger.info - Filling password field
2017-09-03 17:11:05,313 INFO  MyLogger.info - Pressing Next button
2017-09-03 17:11:05,313 INFO  MyLogger.info - Username and password fields are filled
2017-09-03 17:11:05,313 INFO  MyLogger.info - Successfully logged in as tuser5500@gmail.com/Mentoring
2017-09-03 17:11:05,955 INFO  MyLogger.info - Creting n
2017-09-03 17:11:07,028 INFO  MyLogger.info - To field filled with data
2017-09-03 17:11:07,339 INFO  MyLogger.info - Subject field filled with data
2017-09-03 17:11:07,948 INFO  MyLogger.info - Body field filled with data
2017-09-03 17:11:08,378 INFO  MyLogger.info - Draft successfully filled
2017-09-03 17:11:09,043 INFO  MyLogger.info - Save button is found
2017-09-03 17:11:09,044 INFO  MyLogger.info - Draft saved
2017-09-03 17:11:09,969 INFO  MyLogger.info - Saved screenshot: ./target/screenshots/scr431197396155579
2017-09-03 17:11:10,454 INFO  MyLogger.info - closing driver
2017-09-03 17:12:32,274 INFO  MyLogger.info - creating driver
2017-09-03 17:12:32,312 INFO  MyLogger.info - Opening http://gmail.com
2017-09-03 17:12:34,229 INFO  MyLogger.info - Trying to log in as tuser5500@gmail.com/Mentoring
2017-09-03 17:12:34,434 INFO  MyLogger.info - Filling username field
2017-09-03 17:12:35,520 INFO  MyLogger.info - Pressing Next button
2017-09-03 17:12:36,343 INFO  MyLogger.info - Filling password field
2017-09-03 17:12:40,066 INFO  MyLogger.info - Pressing Next button
2017-09-03 17:12:40,066 INFO  MyLogger.info - Username and password fields are filled
2017-09-03 17:12:40,067 INFO  MyLogger.info - Successfully logged in as tuser5500@gmail.com/Mentoring
2017-09-03 17:12:40,785 INFO  MyLogger.info - Creting n
2017-09-03 17:12:41,337 INFO  MyLogger.info - To field filled with data
2017-09-03 17:12:41,740 INFO  MyLogger.info - Subject field filled with data
2017-09-03 17:12:41,883 INFO  MyLogger.info - Body field filled with data
2017-09-03 17:12:42,285 INFO  MyLogger.info - Draft successfully filled
2017-09-03 17:12:42,694 INFO  MyLogger.info - Save button is found
2017-09-03 17:12:42,694 INFO  MyLogger.info - Draft saved
2017-09-03 17:12:43,574 INFO  MyLogger.info - Opening Drafts folder
2017-09-03 17:12:45,095 INFO  MyLogger.info - Opening draft message by pressing keyboard buttons
2017-09-03 17:12:55,748 INFO  MyLogger.info - Reading Body field value
2017-09-03 17:12:55,885 INFO  MyLogger.info - Draft was successfully created and opened by pressing keyboard buttons
2017-09-03 17:12:56,497 INFO  MyLogger.info - closing driver
2017-09-03 17:13:38,826 INFO  MyLogger.info - creating driver
2017-09-03 17:13:38,886 INFO  MyLogger.info - Opening http://gmail.com
2017-09-03 17:13:41,083 INFO  MyLogger.info - Trying to log in as tuser5500@gmail.com/Mentoring
2017-09-03 17:13:41,271 INFO  MyLogger.info - Filling username field
2017-09-03 17:13:42,017 INFO  MyLogger.info - Pressing Next button
2017-09-03 17:13:42,849 INFO  MyLogger.info - Filling password field
2017-09-03 17:13:48,370 INFO  MyLogger.info - Pressing Next button
2017-09-03 17:13:48,370 INFO  MyLogger.info - Username and password fields are filled
2017-09-03 17:13:48,371 INFO  MyLogger.info - Successfully logged in as tuser5500@gmail.com/Mentoring
2017-09-03 17:13:49,360 INFO  MyLogger.info - Creting n
2017-09-03 17:13:50,495 INFO  MyLogger.info - To field filled with data
2017-09-03 17:13:50,861 INFO  MyLogger.info - Subject field filled with data
2017-09-03 17:13:51,081 INFO  MyLogger.info - Body field filled with data
2017-09-03 17:13:51,505 INFO  MyLogger.info - Draft successfully filled
2017-09-03 17:13:51,881 INFO  MyLogger.info - Save button is found
2017-09-03 17:13:51,881 INFO  MyLogger.info - Draft saved
2017-09-03 17:13:52,636 INFO  MyLogger.info - Saved screenshot: ./target/screenshots/scr431360068918436
2017-09-03 17:13:53,296 INFO  MyLogger.info - closing driver
2017-09-03 17:14:13,804 INFO  MyLogger.info - creating driver
2017-09-03 17:14:13,834 INFO  MyLogger.info - Opening http://gmail.com
2017-09-03 17:14:15,859 INFO  MyLogger.info - Trying to log in as tuser5500@gmail.com/Mentoring
2017-09-03 17:14:16,131 INFO  MyLogger.info - Filling username field
2017-09-03 17:14:16,889 INFO  MyLogger.info - Pressing Next button
2017-09-03 17:14:17,514 INFO  MyLogger.info - Filling password field
2017-09-03 17:14:23,042 INFO  MyLogger.info - Pressing Next button
2017-09-03 17:14:23,043 INFO  MyLogger.info - Username and password fields are filled
2017-09-03 17:14:23,043 INFO  MyLogger.info - Successfully logged in as tuser5500@gmail.com/Mentoring
2017-09-03 17:14:23,999 INFO  MyLogger.info - Creting n
2017-09-03 17:14:25,053 INFO  MyLogger.info - To field filled with data
2017-09-03 17:14:25,537 INFO  MyLogger.info - Subject field filled with data
2017-09-03 17:14:25,755 INFO  MyLogger.info - Body field filled with data
2017-09-03 17:14:26,239 INFO  MyLogger.info - Draft successfully filled
2017-09-03 17:14:26,682 INFO  MyLogger.info - Save button is found
2017-09-03 17:14:26,683 INFO  MyLogger.info - Draft saved
2017-09-03 17:14:27,286 INFO  MyLogger.info - Opening Drafts folder
2017-09-03 17:14:28,349 INFO  MyLogger.info - Opening draft message by pressing keyboard buttons
2017-09-03 17:14:38,430 INFO  MyLogger.info - Reading Body field value
2017-09-03 17:14:38,568 INFO  MyLogger.info - Draft was successfully created and opened by pressing keyboard buttons
2017-09-03 17:14:39,183 INFO  MyLogger.info - closing driver
2017-09-03 17:16:30,956 INFO  MyLogger.info - creating driver
2017-09-03 17:16:31,000 INFO  MyLogger.info - Opening http://gmail.com
2017-09-03 17:16:32,993 INFO  MyLogger.info - Trying to log in as tuser5500@gmail.com/Mentoring
2017-09-03 17:16:33,280 INFO  MyLogger.info - Filling username field
2017-09-03 17:16:34,098 INFO  MyLogger.info - Pressing Next button
2017-09-03 17:16:34,920 INFO  MyLogger.info - Filling password field
2017-09-03 17:16:40,448 INFO  MyLogger.info - Pressing Next button
2017-09-03 17:16:40,448 INFO  MyLogger.info - Username and password fields are filled
2017-09-03 17:16:40,448 INFO  MyLogger.info - Successfully logged in as tuser5500@gmail.com/Mentoring
2017-09-03 17:16:41,384 INFO  MyLogger.info - Creting n
2017-09-03 17:16:42,113 INFO  MyLogger.info - To field filled with data
2017-09-03 17:16:42,555 INFO  MyLogger.info - Subject field filled with data
2017-09-03 17:16:42,727 INFO  MyLogger.info - Body field filled with data
2017-09-03 17:16:43,098 INFO  MyLogger.info - Draft successfully filled
2017-09-03 17:16:43,486 INFO  MyLogger.info - Save button is found
2017-09-03 17:16:43,487 INFO  MyLogger.info - Draft saved
2017-09-03 17:16:43,966 INFO  MyLogger.info - Opening Drafts folder
2017-09-03 17:16:45,197 INFO  MyLogger.info - Opening draft message by pressing keyboard buttons
2017-09-03 17:16:49,992 INFO  MyLogger.info - Reading Body field value
2017-09-03 17:16:50,174 INFO  MyLogger.info - Draft was successfully created and opened by pressing keyboard buttons
2017-09-03 17:16:50,793 INFO  MyLogger.info - closing driver
2017-09-03 17:17:48,955 INFO  MyLogger.info - creating driver
2017-09-03 17:17:49,000 INFO  MyLogger.info - Opening http://gmail.com
2017-09-03 17:17:51,122 INFO  MyLogger.info - Trying to log in as tuser5500@gmail.com/Mentoring
2017-09-03 17:17:51,387 INFO  MyLogger.info - Filling username field
2017-09-03 17:17:52,120 INFO  MyLogger.info - Pressing Next button
2017-09-03 17:17:53,027 INFO  MyLogger.info - Filling password field
2017-09-03 17:17:58,424 INFO  MyLogger.info - Pressing Next button
2017-09-03 17:17:58,424 INFO  MyLogger.info - Username and password fields are filled
2017-09-03 17:17:58,425 INFO  MyLogger.info - Successfully logged in as tuser5500@gmail.com/Mentoring
2017-09-03 17:17:59,343 INFO  MyLogger.info - Creting n
2017-09-03 17:18:00,548 INFO  MyLogger.info - To field filled with data
2017-09-03 17:18:00,868 INFO  MyLogger.info - Subject field filled with data
2017-09-03 17:18:01,032 INFO  MyLogger.info - Body field filled with data
2017-09-03 17:18:01,414 INFO  MyLogger.info - Draft successfully filled
2017-09-03 17:18:01,792 INFO  MyLogger.info - Save button is found
2017-09-03 17:18:01,792 INFO  MyLogger.info - Draft saved
2017-09-03 17:18:02,479 INFO  MyLogger.info - Saved screenshot: ./target/screenshots/scr431609911413438
2017-09-03 17:18:03,052 INFO  MyLogger.info - closing driver
2017-09-03 17:18:39,841 INFO  MyLogger.info - creating driver
2017-09-03 17:18:39,892 INFO  MyLogger.info - Opening http://gmail.com
2017-09-03 17:18:42,440 INFO  MyLogger.info - Trying to log in as tuser5500@gmail.com/Mentoring
2017-09-03 17:18:42,638 INFO  MyLogger.info - Filling username field
2017-09-03 17:18:43,406 INFO  MyLogger.info - Pressing Next button
2017-09-03 17:18:44,215 INFO  MyLogger.info - Filling password field
2017-09-03 17:18:47,763 INFO  MyLogger.info - Pressing Next button
2017-09-03 17:18:47,763 INFO  MyLogger.info - Username and password fields are filled
2017-09-03 17:18:47,763 INFO  MyLogger.info - Successfully logged in as tuser5500@gmail.com/Mentoring
2017-09-03 17:18:48,755 INFO  MyLogger.info - Creting n
2017-09-03 17:18:49,386 INFO  MyLogger.info - To field filled with data
2017-09-03 17:18:49,733 INFO  MyLogger.info - Subject field filled with data
2017-09-03 17:18:50,015 INFO  MyLogger.info - Body field filled with data
2017-09-03 17:18:51,014 INFO  MyLogger.info - Draft successfully filled
2017-09-03 17:18:51,401 INFO  MyLogger.info - Save button is found
2017-09-03 17:18:51,402 INFO  MyLogger.info - Draft saved
2017-09-03 17:18:52,258 INFO  MyLogger.info - Opening Drafts folder
2017-09-03 17:18:53,900 INFO  MyLogger.info - Opening draft message by pressing keyboard buttons
2017-09-03 17:18:59,755 INFO  MyLogger.info - Reading Body field value
2017-09-03 17:18:59,884 INFO  MyLogger.info - Draft was successfully created and opened by pressing keyboard buttons
2017-09-03 17:19:00,540 INFO  MyLogger.info - closing driver
2017-09-03 19:05:06,053 INFO  MyLogger.info - creating driver
2017-09-03 19:05:06,167 INFO  MyLogger.info - Opening http://gmail.com
2017-09-03 19:05:08,573 INFO  MyLogger.info - Trying to log in as tuser5500@gmail.com/111
2017-09-03 19:05:08,786 INFO  MyLogger.info - Filling username field
2017-09-03 19:05:09,515 INFO  MyLogger.info - Pressing Next button
2017-09-03 19:05:10,232 INFO  MyLogger.info - Filling password field
2017-09-03 19:05:15,813 INFO  MyLogger.info - Pressing Next button
2017-09-03 19:05:15,813 INFO  MyLogger.info - Username and password fields are filled
2017-09-03 19:05:15,814 ERROR MyLogger.error - User has incorrect login
2017-09-03 19:05:15,815 INFO  MyLogger.info - Checking error message
2017-09-03 19:05:15,975 INFO  MyLogger.info - User was not logged in with incorrect login
2017-09-03 19:05:16,459 INFO  MyLogger.info - closing driver
2017-09-03 19:05:20,634 INFO  MyLogger.info - creating driver
2017-09-03 19:05:20,638 INFO  MyLogger.info - Opening http://gmail.com
2017-09-03 19:05:22,772 INFO  MyLogger.info - Trying to log in as tuser5500@gmail.com/Mentoring
2017-09-03 19:05:23,007 INFO  MyLogger.info - Filling username field
2017-09-03 19:05:23,823 INFO  MyLogger.info - Pressing Next button
2017-09-03 19:05:24,649 INFO  MyLogger.info - Filling password field
2017-09-03 19:05:27,006 INFO  MyLogger.info - Pressing Next button
2017-09-03 19:05:27,006 INFO  MyLogger.info - Username and password fields are filled
2017-09-03 19:05:27,007 INFO  MyLogger.info - Successfully logged in as tuser5500@gmail.com/Mentoring
2017-09-03 19:05:28,958 INFO  MyLogger.info - Creting n
2017-09-03 19:05:31,237 INFO  MyLogger.info - To field filled with data
2017-09-03 19:05:32,102 INFO  MyLogger.info - Subject field filled with data
2017-09-03 19:05:32,374 INFO  MyLogger.info - Body field filled with data
2017-09-03 19:05:32,826 INFO  MyLogger.info - Draft successfully filled
2017-09-03 19:05:33,395 INFO  MyLogger.info - Draft was deleted
2017-09-03 19:05:33,541 INFO  MyLogger.info - Checking message draft is discard
2017-09-03 19:05:33,733 INFO  MyLogger.info - Draft was successfully created, checked and deleted
2017-09-03 19:05:34,549 INFO  MyLogger.info - closing driver
2017-09-03 19:05:38,879 INFO  MyLogger.info - creating driver
2017-09-03 19:05:38,880 INFO  MyLogger.info - Opening http://gmail.com
2017-09-03 19:05:41,096 INFO  MyLogger.info - Trying to log in as tuser5500@gmail.com/Mentoring
2017-09-03 19:05:41,237 INFO  MyLogger.info - Filling username field
2017-09-03 19:05:41,991 INFO  MyLogger.info - Pressing Next button
2017-09-03 19:05:42,813 INFO  MyLogger.info - Filling password field
2017-09-03 19:05:46,390 INFO  MyLogger.info - Pressing Next button
2017-09-03 19:05:46,390 INFO  MyLogger.info - Username and password fields are filled
2017-09-03 19:05:46,391 INFO  MyLogger.info - Successfully logged in as tuser5500@gmail.com/Mentoring
2017-09-03 19:05:46,967 INFO  MyLogger.info - Creting n
2017-09-03 19:05:48,239 INFO  MyLogger.info - To field filled with data
2017-09-03 19:05:49,079 INFO  MyLogger.info - Subject field filled with data
2017-09-03 19:05:49,275 INFO  MyLogger.info - Body field filled with data
2017-09-03 19:05:49,758 INFO  MyLogger.info - Draft successfully filled
2017-09-03 19:05:50,397 INFO  MyLogger.info - Save button is found
2017-09-03 19:05:50,397 INFO  MyLogger.info - Draft saved
2017-09-03 19:05:51,109 INFO  MyLogger.info - Saved screenshot: ./target/screenshots/scr438078545164786
2017-09-03 19:05:51,871 INFO  MyLogger.info - closing driver
2017-09-03 19:09:21,869 INFO  MyLogger.info - creating driver
2017-09-03 19:09:22,058 INFO  MyLogger.info - Opening http://gmail.com
2017-09-03 19:09:24,259 INFO  MyLogger.info - Trying to log in as tuser5500@gmail.com/111
2017-09-03 19:09:24,495 INFO  MyLogger.info - Filling username field
2017-09-03 19:09:25,366 INFO  MyLogger.info - Pressing Next button
2017-09-03 19:09:26,182 INFO  MyLogger.info - Filling password field
2017-09-03 19:09:31,727 INFO  MyLogger.info - Pressing Next button
2017-09-03 19:09:31,728 INFO  MyLogger.info - Username and password fields are filled
2017-09-03 19:09:31,728 ERROR MyLogger.error - User has incorrect login
2017-09-03 19:09:31,729 INFO  MyLogger.info - Checking error message
2017-09-03 19:09:31,871 INFO  MyLogger.info - User was not logged in with incorrect login
2017-09-03 19:09:32,329 INFO  MyLogger.info - closing driver
2017-09-03 19:09:36,581 INFO  MyLogger.info - creating driver
2017-09-03 19:09:36,585 INFO  MyLogger.info - Opening http://gmail.com
2017-09-03 19:09:38,843 INFO  MyLogger.info - Trying to log in as tuser5500@gmail.com/Mentoring
2017-09-03 19:09:39,142 INFO  MyLogger.info - Filling username field
2017-09-03 19:09:40,398 INFO  MyLogger.info - Pressing Next button
2017-09-03 19:09:41,187 INFO  MyLogger.info - Filling password field
2017-09-03 19:09:46,507 INFO  MyLogger.info - Pressing Next button
2017-09-03 19:09:46,507 INFO  MyLogger.info - Username and password fields are filled
2017-09-03 19:09:46,508 INFO  MyLogger.info - Successfully logged in as tuser5500@gmail.com/Mentoring
2017-09-03 19:09:47,450 INFO  MyLogger.info - Creting n
2017-09-03 19:09:48,084 INFO  MyLogger.info - To field filled with data
2017-09-03 19:09:48,444 INFO  MyLogger.info - Subject field filled with data
2017-09-03 19:09:48,799 INFO  MyLogger.info - Body field filled with data
2017-09-03 19:09:49,215 INFO  MyLogger.info - Draft successfully filled
2017-09-03 19:09:49,599 INFO  MyLogger.info - Draft was deleted
2017-09-03 19:09:49,713 INFO  MyLogger.info - Checking message draft is discard
2017-09-03 19:09:49,854 INFO  MyLogger.info - Draft was successfully created, checked and deleted
2017-09-03 19:09:50,324 INFO  MyLogger.info - closing driver
2017-09-03 19:09:53,425 INFO  MyLogger.info - creating driver
2017-09-03 19:09:53,426 INFO  MyLogger.info - Opening http://gmail.com
2017-09-03 19:09:55,344 INFO  MyLogger.info - Trying to log in as tuser5500@gmail.com/Mentoring
2017-09-03 19:09:55,498 INFO  MyLogger.info - Filling username field
2017-09-03 19:09:56,434 INFO  MyLogger.info - Pressing Next button
2017-09-03 19:09:57,293 INFO  MyLogger.info - Filling password field
2017-09-03 19:10:00,860 INFO  MyLogger.info - Pressing Next button
2017-09-03 19:10:00,860 INFO  MyLogger.info - Username and password fields are filled
2017-09-03 19:10:00,861 INFO  MyLogger.info - Successfully logged in as tuser5500@gmail.com/Mentoring
2017-09-03 19:10:01,617 INFO  MyLogger.info - Creting n
2017-09-03 19:10:02,335 INFO  MyLogger.info - To field filled with data
2017-09-03 19:10:02,746 INFO  MyLogger.info - Subject field filled with data
2017-09-03 19:10:02,918 INFO  MyLogger.info - Body field filled with data
2017-09-03 19:10:03,305 INFO  MyLogger.info - Draft successfully filled
2017-09-03 19:10:04,269 INFO  MyLogger.info - Save button is found
2017-09-03 19:10:04,270 INFO  MyLogger.info - Draft saved
2017-09-03 19:10:04,756 INFO  MyLogger.info - Opening Drafts folder
2017-09-03 19:10:06,274 INFO  MyLogger.info - Opening draft message
2017-09-03 19:10:06,361 INFO  MyLogger.info - Reading Body field value
2017-09-03 19:10:06,695 INFO  MyLogger.info - Draft was successfully created and opened by pressing keyboard buttons
2017-09-03 19:10:07,178 INFO  MyLogger.info - closing driver
2017-09-03 19:11:31,730 INFO  MyLogger.info - creating driver
2017-09-03 19:11:31,829 INFO  MyLogger.info - Opening http://gmail.com
2017-09-03 19:11:33,861 INFO  MyLogger.info - Trying to log in as tuser5500@gmail.com/111
2017-09-03 19:11:34,118 INFO  MyLogger.info - Filling username field
2017-09-03 19:11:34,862 INFO  MyLogger.info - Pressing Next button
2017-09-03 19:11:35,693 INFO  MyLogger.info - Filling password field
2017-09-03 19:11:41,246 INFO  MyLogger.info - Pressing Next button
2017-09-03 19:11:41,246 INFO  MyLogger.info - Username and password fields are filled
2017-09-03 19:11:41,247 ERROR MyLogger.error - User has incorrect login
2017-09-03 19:11:41,248 INFO  MyLogger.info - Checking error message
2017-09-03 19:11:41,404 INFO  MyLogger.info - User was not logged in with incorrect login
2017-09-03 19:11:41,840 INFO  MyLogger.info - closing driver
2017-09-03 19:11:46,052 INFO  MyLogger.info - creating driver
2017-09-03 19:11:46,057 INFO  MyLogger.info - Opening http://gmail.com
2017-09-03 19:11:48,168 INFO  MyLogger.info - Trying to log in as tuser5500@gmail.com/Mentoring
2017-09-03 19:11:48,306 INFO  MyLogger.info - Filling username field
2017-09-03 19:11:49,034 INFO  MyLogger.info - Pressing Next button
2017-09-03 19:11:49,738 INFO  MyLogger.info - Filling password field
2017-09-03 19:11:53,327 INFO  MyLogger.info - Pressing Next button
2017-09-03 19:11:53,328 INFO  MyLogger.info - Username and password fields are filled
2017-09-03 19:11:53,328 INFO  MyLogger.info - Successfully logged in as tuser5500@gmail.com/Mentoring
2017-09-03 19:11:53,984 INFO  MyLogger.info - Creting n
2017-09-03 19:11:54,782 INFO  MyLogger.info - To field filled with data
2017-09-03 19:11:55,579 INFO  MyLogger.info - Subject field filled with data
2017-09-03 19:11:55,764 INFO  MyLogger.info - Body field filled with data
2017-09-03 19:11:56,201 INFO  MyLogger.info - Draft successfully filled
2017-09-03 19:11:56,920 INFO  MyLogger.info - Draft was deleted
2017-09-03 19:11:57,066 INFO  MyLogger.info - Checking message draft is discard
2017-09-03 19:11:57,302 INFO  MyLogger.info - Draft was successfully created, checked and deleted
2017-09-03 19:11:57,822 INFO  MyLogger.info - closing driver
2017-09-03 19:12:02,056 INFO  MyLogger.info - creating driver
2017-09-03 19:12:02,057 INFO  MyLogger.info - Opening http://gmail.com
2017-09-03 19:12:04,211 INFO  MyLogger.info - Trying to log in as tuser5500@gmail.com/Mentoring
2017-09-03 19:12:04,361 INFO  MyLogger.info - Filling username field
2017-09-03 19:12:05,185 INFO  MyLogger.info - Pressing Next button
2017-09-03 19:12:05,957 INFO  MyLogger.info - Filling password field
2017-09-03 19:12:11,403 INFO  MyLogger.info - Pressing Next button
2017-09-03 19:12:11,404 INFO  MyLogger.info - Username and password fields are filled
2017-09-03 19:12:11,404 INFO  MyLogger.info - Successfully logged in as tuser5500@gmail.com/Mentoring
2017-09-03 19:12:12,349 INFO  MyLogger.info - Creting n
2017-09-03 19:12:13,094 INFO  MyLogger.info - To field filled with data
2017-09-03 19:12:13,565 INFO  MyLogger.info - Subject field filled with data
2017-09-03 19:12:13,726 INFO  MyLogger.info - Body field filled with data
2017-09-03 19:12:14,086 INFO  MyLogger.info - Draft successfully filled
2017-09-03 19:12:14,495 INFO  MyLogger.info - Save button is found
2017-09-03 19:12:14,495 INFO  MyLogger.info - Draft saved
2017-09-03 19:12:15,040 INFO  MyLogger.info - Opening Drafts folder
2017-09-03 19:12:16,027 INFO  MyLogger.info - Opening draft message
2017-09-03 19:12:16,091 INFO  MyLogger.info - Reading Body field value
2017-09-03 19:12:16,256 INFO  MyLogger.info - Draft was successfully created and opened by pressing keyboard buttons
2017-09-03 19:12:16,721 INFO  MyLogger.info - closing driver
